C:\Program Files\Microsoft Visual Studio\2022\Community\MSBuild\Microsoft\VC\v170\Microsoft.CppBuild.targets(514,5): warning MSB8028: The intermediate directory (x64\Debug\) contains files shared from another project (PostProcessingArea.vcxproj).  This can lead to incorrect clean and rebuild behavior.
  compilation object save succeeded; see C:\Users\CCame\source\repos\GraphicsTwo\PostProcessingArea\2DPolygon_pp.cso
  compilation object save succeeded; see C:\Users\CCame\source\repos\GraphicsTwo\PostProcessingArea\Blur_pp.cso
  compilation object save succeeded; see C:\Users\CCame\source\repos\GraphicsTwo\PostProcessingArea\Burn_pp.cso
  compilation object save succeeded; see C:\Users\CCame\source\repos\GraphicsTwo\PostProcessingArea\ColourGradient_pp.cso
  compilation object save succeeded; see C:\Users\CCame\source\repos\GraphicsTwo\PostProcessingArea\Copy_pp.cso
  compilation object save succeeded; see C:\Users\CCame\source\repos\GraphicsTwo\PostProcessingArea\Distort_pp.cso
  compilation object save succeeded; see C:\Users\CCame\source\repos\GraphicsTwo\PostProcessingArea\2DQuad_pp.cso
  compilation object save succeeded; see C:\Users\CCame\source\repos\GraphicsTwo\PostProcessingArea\GreyNoise_pp.cso
  compilation object save succeeded; see C:\Users\CCame\source\repos\GraphicsTwo\PostProcessingArea\HeatHaze_pp.cso
  compilation object save succeeded; see C:\Users\CCame\source\repos\GraphicsTwo\PostProcessingArea\Spiral_pp.cso
  compilation object save succeeded; see C:\Users\CCame\source\repos\GraphicsTwo\PostProcessingArea\TintedTexture_ps.cso
  compilation object save succeeded; see C:\Users\CCame\source\repos\GraphicsTwo\PostProcessingArea\BasicTransform_vs.cso
  compilation object save succeeded; see C:\Users\CCame\source\repos\GraphicsTwo\PostProcessingArea\PixelLighting_ps.cso
  compilation object save succeeded; see C:\Users\CCame\source\repos\GraphicsTwo\PostProcessingArea\PixelLighting_vs.cso
  compilation object save succeeded; see C:\Users\CCame\source\repos\GraphicsTwo\PostProcessingArea\Tint_pp.cso
  compilation object save succeeded; see C:\Users\CCame\source\repos\GraphicsTwo\PostProcessingArea\Underwater_pp.cso
  Camera.cpp
  Direct3DSetup.cpp
  Main.cpp
  CMatrix4x4.cpp
  CVector2.cpp
  CVector3.cpp
  CVector4.cpp
  Model.cpp
  Scene.cpp
  Shader.cpp
  Mesh.cpp
  State.cpp
  Input.cpp
  GraphicsHelpers.cpp
  Timer.cpp
  Generating Code...
  GraphicsTwo.vcxproj -> C:\Users\CCame\source\repos\GraphicsTwo\PostProcessingArea\GraphicsTwo.exe
